0 info it worked if it ends with ok
1 verbose cli [ '/usr/local/bin/node',
1 verbose cli   '/usr/local/bin/npm',
1 verbose cli   'run',
1 verbose cli   'start:dev' ]
2 info using npm@3.10.10
3 info using node@v6.11.1
4 verbose run-script [ 'prestart:dev', 'start:dev', 'poststart:dev' ]
5 info lifecycle smart_data_list@1.0.0~prestart:dev: smart_data_list@1.0.0
6 silly lifecycle smart_data_list@1.0.0~prestart:dev: no script for prestart:dev, continuing
7 info lifecycle smart_data_list@1.0.0~start:dev: smart_data_list@1.0.0
8 verbose lifecycle smart_data_list@1.0.0~start:dev: unsafe-perm in lifecycle true
9 verbose lifecycle smart_data_list@1.0.0~start:dev: PATH: /usr/local/lib/node_modules/npm/bin/node-gyp-bin:/Applications/AMPPS/www/lov/node_modules/.bin:/opt/local/bin:/opt/local/sbin:/Applications/AMPPS/php/bin:/usr/local/bin:/usr/bin:/bin:/usr/sbin:/sbin:/opt/local/bin:/opt/local/sbin:/Applications/AMPPS/php/bin:/Users/ibrahimbakhsh/.composer/vendor/bin:/Users/ibrahimbakhsh/.composer/vendor/bin
10 verbose lifecycle smart_data_list@1.0.0~start:dev: CWD: /Applications/AMPPS/www/lov
11 silly lifecycle smart_data_list@1.0.0~start:dev: Args: [ '-c', 'webpack-dev-server --watch-poll --hot' ]
12 silly lifecycle smart_data_list@1.0.0~start:dev: Returned: code: 1  signal: null
13 info lifecycle smart_data_list@1.0.0~start:dev: Failed to exec start:dev script
14 verbose stack Error: smart_data_list@1.0.0 start:dev: `webpack-dev-server --watch-poll --hot`
14 verbose stack Exit status 1
14 verbose stack     at EventEmitter.<anonymous> (/usr/local/lib/node_modules/npm/lib/utils/lifecycle.js:255:16)
14 verbose stack     at emitTwo (events.js:106:13)
14 verbose stack     at EventEmitter.emit (events.js:191:7)
14 verbose stack     at ChildProcess.<anonymous> (/usr/local/lib/node_modules/npm/lib/utils/spawn.js:40:14)
14 verbose stack     at emitTwo (events.js:106:13)
14 verbose stack     at ChildProcess.emit (events.js:191:7)
14 verbose stack     at maybeClose (internal/child_process.js:891:16)
14 verbose stack     at Process.ChildProcess._handle.onexit (internal/child_process.js:226:5)
15 verbose pkgid smart_data_list@1.0.0
16 verbose cwd /Applications/AMPPS/www/lov
17 error Darwin 17.4.0
18 error argv "/usr/local/bin/node" "/usr/local/bin/npm" "run" "start:dev"
19 error node v6.11.1
20 error npm  v3.10.10
21 error code ELIFECYCLE
22 error smart_data_list@1.0.0 start:dev: `webpack-dev-server --watch-poll --hot`
22 error Exit status 1
23 error Failed at the smart_data_list@1.0.0 start:dev script 'webpack-dev-server --watch-poll --hot'.
23 error Make sure you have the latest version of node.js and npm installed.
23 error If you do, this is most likely a problem with the smart_data_list package,
23 error not with npm itself.
23 error Tell the author that this fails on your system:
23 error     webpack-dev-server --watch-poll --hot
23 error You can get information on how to open an issue for this project with:
23 error     npm bugs smart_data_list
23 error Or if that isn't available, you can get their info via:
23 error     npm owner ls smart_data_list
23 error There is likely additional logging output above.
24 verbose exit [ 1, true ]
